Loading notebook: gene_content_phylogeny_analysis.ipynb
Executing notebook...
============================================================

============================================================
✅ Notebook execution completed
Saving results to: gene_content_phylogeny_analysis_1000_executed.ipynb

============================================================
Execution Summary:
============================================================
Cell 2: ✅ OK
Cell 4: ✅ OK
Cell 6: ✅ OK
Cell 7: ✅ OK
Cell 8: ✅ OK
Cell 10: ✅ OK
Cell 11: ✅ OK
Cell 13: ✅ OK
Cell 14: ✅ OK
Cell 15: ✅ OK
Cell 17: ✅ OK
Cell 19: ✅ OK
Cell 21: ✅ OK
Cell 22: ✅ OK
Cell 24: ✅ OK
Cell 26: ✅ OK
Cell 27: ✅ OK

✅ All cells executed successfully!

============================================================
Results saved to: gene_content_phylogeny_analysis_1000_executed.ipynb
You can now open this file in VSCode to see all outputs!
============================================================
